2021-01-06 20:17:15,619 - INFO - ----------------------------
2021-01-06 20:17:15,619 - INFO - start initializing.
2021-01-06 20:17:15,763 - INFO - read sql
2021-01-06 20:17:16,184 - INFO - database hospital initialized successfully.
2021-01-06 20:17:16,184 - INFO - start insert data.
2021-01-06 20:17:16,184 - INFO - insert users.
2021-01-06 20:17:16,188 - INFO - insert treatment areas.
2021-01-06 20:17:16,193 - INFO - insert sickbed and ward.
2021-01-06 20:17:16,206 - INFO - finish inserting data.
2021-01-06 20:17:16,206 - INFO - ----------------------------
2021-01-06 20:19:35,622 - INFO - ----------------------------
2021-01-06 20:19:35,622 - INFO - start initializing.
2021-01-06 20:19:35,970 - INFO - read sql
2021-01-06 20:19:36,602 - INFO - database hospital initialized successfully.
2021-01-06 20:19:36,602 - INFO - start insert data.
2021-01-06 20:19:36,602 - INFO - insert users.
2021-01-06 20:19:36,607 - INFO - insert treatment areas.
2021-01-06 20:19:36,610 - INFO - insert sickbed and ward.
2021-01-06 20:19:36,620 - INFO - finish inserting data.
2021-01-06 20:19:36,620 - INFO - ----------------------------
2021-01-07 16:26:44,303 - INFO - 183020100130访问了数据库
2021-01-07 16:26:44,303 - INFO - 获取所有可以出院的病人
2021-01-07 16:28:24,972 - INFO - 183020100130访问了数据库
2021-01-07 16:28:24,972 - INFO - 获取所有可以出院的病人
2021-01-07 16:30:58,076 - INFO - 183020100130访问了数据库
2021-01-07 16:30:58,076 - INFO - 获取所有可以出院的病人
2021-01-07 16:31:55,691 - INFO - 183020100130访问了数据库
2021-01-07 16:31:55,691 - INFO - 获取所有可以出院的病人
2021-01-07 16:35:37,245 - INFO - 183020100130访问了数据库
2021-01-07 16:35:37,249 - INFO - 获取所有可以出院的病人
2021-01-07 16:37:11,273 - INFO - 183020100130访问了数据库
2021-01-07 16:37:11,277 - INFO - 获取所有可以出院的病人
2021-01-07 16:38:02,404 - INFO - 183020100130访问了数据库
2021-01-07 16:38:02,404 - INFO - 获取所有可以出院的病人
2021-01-07 16:39:13,768 - INFO - 183020100130访问了数据库
2021-01-07 16:39:13,768 - INFO - 获取所有可以出院的病人
2021-01-07 16:40:55,842 - INFO - 183020100130访问了数据库
2021-01-07 16:40:55,842 - INFO - 获取所有可以出院的病人
2021-01-07 16:42:04,845 - INFO - 183020100130访问了数据库
2021-01-07 16:42:04,845 - INFO - 获取所有可以出院的病人
2021-01-07 16:42:46,259 - INFO - 183020100130访问了数据库
2021-01-07 16:42:46,263 - INFO - 获取所有可以出院的病人
2021-01-07 16:45:00,771 - INFO - 183020100130访问了数据库
2021-01-07 16:45:00,771 - INFO - 获取所有可以出院的病人
2021-01-07 16:45:58,324 - INFO - 183020100130访问了数据库
2021-01-07 16:45:58,324 - INFO - 获取所有可以出院的病人
2021-01-07 16:46:19,618 - INFO - 183020100130访问了数据库
2021-01-07 16:46:19,618 - INFO - 获取所有可以出院的病人
2021-01-07 16:47:01,902 - INFO - 183020100130访问了数据库
2021-01-07 16:47:01,902 - INFO - 获取所有可以出院的病人
2021-01-07 16:47:45,225 - INFO - 183020100130访问了数据库
2021-01-07 16:47:45,229 - INFO - 获取所有可以出院的病人
2021-01-07 16:47:55,485 - INFO - 183020100130访问了数据库
2021-01-07 16:47:55,485 - INFO - 获取所有可以出院的病人
2021-01-07 16:48:26,661 - INFO - 183020100130访问了数据库
2021-01-07 16:48:26,661 - INFO - 获取所有可以出院的病人
2021-01-07 16:48:51,454 - INFO - 183020100130访问了数据库
2021-01-07 16:48:51,454 - INFO - 获取所有可以出院的病人
2021-01-07 16:49:00,850 - INFO - 183020100130访问了数据库
2021-01-07 16:49:00,850 - INFO - 获取所有可以出院的病人
2021-01-07 16:50:58,522 - INFO - 183020100130访问了数据库
2021-01-07 16:50:58,522 - INFO - 获取所有可以出院的病人
2021-01-07 16:51:27,084 - INFO - 183020100130访问了数据库
2021-01-07 16:51:27,084 - INFO - 获取所有可以出院的病人
2021-01-07 16:51:52,795 - INFO - 183020100130访问了数据库
2021-01-07 16:51:52,795 - INFO - 获取所有可以出院的病人
2021-01-07 16:52:36,573 - INFO - 183020100130访问了数据库
2021-01-07 16:52:36,573 - INFO - 获取所有可以出院的病人
2021-01-07 16:53:40,716 - INFO - 183020100130访问了数据库
2021-01-07 16:53:40,716 - INFO - 获取所有可以出院的病人
2021-01-07 16:55:35,187 - INFO - 183020100130访问了数据库
2021-01-07 16:55:35,187 - INFO - 获取所有可以出院的病人
2021-01-07 16:56:09,999 - INFO - 183020100130访问了数据库
2021-01-07 16:56:10,003 - INFO - 获取所有可以出院的病人
2021-01-07 16:56:20,142 - INFO - 183020100130访问了数据库
2021-01-07 16:56:20,142 - INFO - 获取所有可以出院的病人
2021-01-07 16:57:21,703 - INFO - 183020100130访问了数据库
2021-01-07 16:57:21,703 - INFO - 获取所有可以出院的病人
2021-01-07 16:57:51,570 - INFO - 183020100130访问了数据库
2021-01-07 16:57:51,570 - INFO - 获取所有可以出院的病人
2021-01-07 17:00:34,490 - INFO - 183020100130访问了数据库
2021-01-07 17:00:34,490 - INFO - 获取所有可以出院的病人
2021-01-07 17:00:49,234 - INFO - 183020100130访问了数据库
2021-01-07 17:00:49,234 - INFO - 获取所有可以出院的病人
2021-01-07 17:03:50,323 - INFO - 183020100130访问了数据库
2021-01-07 17:03:50,323 - INFO - 获取所有可以出院的病人
2021-01-07 17:04:24,233 - INFO - 183020100130访问了数据库
2021-01-07 17:04:24,233 - INFO - 获取所有可以出院的病人
2021-01-07 17:05:35,273 - INFO - 183020100130访问了数据库
2021-01-07 17:05:35,273 - INFO - 获取所有可以出院的病人
2021-01-07 17:06:21,670 - INFO - 183020100130访问了数据库
2021-01-07 17:06:21,670 - INFO - 获取所有可以出院的病人
2021-01-07 17:11:34,967 - INFO - 183020100130访问了数据库
2021-01-07 17:11:34,967 - INFO - 获取所有可以出院的病人
2021-01-07 17:12:48,563 - INFO - 183020100130访问了数据库
2021-01-07 17:12:48,567 - INFO - 获取所有可以出院的病人
2021-01-07 17:13:54,306 - INFO - 183020100130访问了数据库
2021-01-07 17:13:54,306 - INFO - 获取所有可以出院的病人
2021-01-07 17:15:16,553 - INFO - 183020100130访问了数据库
2021-01-07 17:15:16,553 - INFO - 获取所有可以出院的病人
2021-01-07 17:16:17,452 - INFO - 183020100130访问了数据库
2021-01-07 17:16:17,452 - INFO - 获取所有可以出院的病人
2021-01-07 17:16:45,904 - INFO - 183020100130访问了数据库
2021-01-07 17:16:45,904 - INFO - 获取所有可以出院的病人
2021-01-07 17:17:20,431 - INFO - 183020100130访问了数据库
2021-01-07 17:17:20,435 - INFO - 获取所有可以出院的病人
2021-01-07 17:17:33,524 - INFO - 183020100130访问了数据库
2021-01-07 17:17:33,524 - INFO - 获取所有可以出院的病人
2021-01-07 17:18:54,922 - INFO - 183020100130访问了数据库
2021-01-07 17:18:54,922 - INFO - 获取所有可以出院的病人
2021-01-07 17:19:55,625 - INFO - 183020100130访问了数据库
2021-01-07 17:19:55,625 - INFO - 获取所有可以出院的病人
